<?xml version="1.0" encoding="UTF-8"?>
<!-- Generated by org.testng.reporters.JUnitReportReporter -->
<testsuite skipped="0" hostname="DESKTOP-JIMP7RM" name="com.training.regression.tests.LoginExcelTest" tests="2" failures="0" timestamp="05 Sep 2019 05:16:14 GMT" time="22.002" errors="0">
  <testcase name="loginDBTest" time="7.750" classname="com.training.regression.tests.LoginExcelTest"/>
  <testcase name="loginDBTest" time="14.252" classname="com.training.regression.tests.LoginExcelTest"/>
</testsuite> <!-- com.training.regression.tests.LoginExcelTest -->
