<?xml version="1.0" encoding="UTF-8"?>
<!-- Generated by org.testng.reporters.JUnitReportReporter -->
<testsuite skipped="0" hostname="DESKTOP-JIMP7RM" name="com.training.sanity.tests.CatloglinksTests" tests="1" failures="0" timestamp="27 Aug 2019 05:10:17 GMT" time="37.031" errors="0">
  <testcase name="TestCase2" time="37.031" classname="com.training.sanity.tests.CatloglinksTests"/>
</testsuite> <!-- com.training.sanity.tests.CatloglinksTests -->
