<?xml version="1.0" encoding="UTF-8"?>
<!-- Generated by org.testng.reporters.JUnitReportReporter -->
<testsuite skipped="0" hostname="DESKTOP-JIMP7RM" name="com.training.sanity.tests.MLevelTestcase1Tests" tests="1" failures="0" timestamp="09 Sep 2019 09:17:29 GMT" time="16.880" errors="0">
  <testcase name="TestCase3" time="16.880" classname="com.training.sanity.tests.MLevelTestcase1Tests"/>
</testsuite> <!-- com.training.sanity.tests.MLevelTestcase1Tests -->
