<?xml version="1.0" encoding="UTF-8"?>
<!-- Generated by org.testng.reporters.JUnitReportReporter -->
<testsuite skipped="0" hostname="DESKTOP-JIMP7RM" name="com.training.sanity.tests.MLevelTestcase3Tests" tests="1" failures="0" timestamp="10 Sep 2019 14:23:10 GMT" time="25.750" errors="0">
  <testcase name="TestCase3" time="25.750" classname="com.training.sanity.tests.MLevelTestcase3Tests"/>
</testsuite> <!-- com.training.sanity.tests.MLevelTestcase3Tests -->
