<?xml version="1.0" encoding="UTF-8"?>
<!-- Generated by org.testng.reporters.JUnitReportReporter -->
<testsuite skipped="0" hostname="DESKTOP-JIMP7RM" name="com.training.regression.tests.LoginDBTest" tests="2" failures="0" timestamp="05 Sep 2019 06:05:04 GMT" time="30.233" errors="0">
  <testcase name="loginDBTest" time="17.326" classname="com.training.regression.tests.LoginDBTest"/>
  <testcase name="loginDBTest" time="12.907" classname="com.training.regression.tests.LoginDBTest"/>
</testsuite> <!-- com.training.regression.tests.LoginDBTest -->
