<?xml version="1.0" encoding="UTF-8"?>
<!-- Generated by org.testng.reporters.JUnitReportReporter -->
<testsuite skipped="0" hostname="DESKTOP-JIMP7RM" name="com.training.sanity.tests.MLevelTestcase2Tests" tests="1" failures="0" timestamp="10 Sep 2019 11:20:37 GMT" time="15.821" errors="0">
  <testcase name="TestCase3" time="15.821" classname="com.training.sanity.tests.MLevelTestcase2Tests"/>
</testsuite> <!-- com.training.sanity.tests.MLevelTestcase2Tests -->
