<?xml version="1.0" encoding="UTF-8"?>
<!-- Generated by org.testng.reporters.JUnitReportReporter -->
<testsuite skipped="0" hostname="DESKTOP-JIMP7RM" name="com.training.sanity.tests.DeleteCatogoryTests" tests="1" failures="0" timestamp="27 Aug 2019 05:19:03 GMT" time="13.071" errors="0">
  <testcase name="TestCase3" time="13.071" classname="com.training.sanity.tests.DeleteCatogoryTests"/>
</testsuite> <!-- com.training.sanity.tests.DeleteCatogoryTests -->
